<?xml version="1.0" encoding="UTF-8" ?>
<testsuite tests="2" failures="0" name="eu.jpereira.trainings.designpatterns.structural.proxy.TrafficLightsManagerTest" time="0.005" errors="1" skipped="0">
  <properties>
[...]
</properties>
  <testcase classname="eu.jpereira.trainings.designpatterns.structural.proxy.TrafficLightsManagerTest" name="testManageLights" time="0.005">
    <error message="eu.jpereira.trainings.designpatterns.structural.proxy.controller.exceptions.CouldNotConnectException: Faked (even) exception..." type="eu.jpereira.trainings.designpatterns.structural.proxy.model.exceptions.CouldNotSendCommandException">eu.jpereira.trainings.designpatterns.structural.proxy.model.exceptions.CouldNotSendCommandException: eu.jpereira.trainings.designpatterns.structural.proxy.controller.exceptions.CouldNotConnectException: Faked (even) exception...
	at eu.jpereira.trainings.designpatterns.structural.proxy.model.TrafficLight.sendLightCommandToController(TrafficLight.java:237)
	at eu.jpereira.trainings.designpatterns.structural.proxy.model.TrafficLight.getColor(TrafficLight.java:166)
	at eu.jpereira.trainings.designpatterns.structural.proxy.TrafficLightsManagerTest.testManageLights(TrafficLightsManagerTest.java:63)
	at sun.reflect.NativeMethodAccessorImpl.invoke0(Native Method)
	at sun.reflect.NativeMethodAccessorImpl.invoke(NativeMethodAccessorImpl.java:62)
	at sun.reflect.DelegatingMethodAccessorImpl.invoke(DelegatingMethodAccessorImpl.java:43)
	at java.lang.reflect.Method.invoke(Method.java:498)
	at org.junit.runners.model.FrameworkMethod$1.runReflectiveCall(FrameworkMethod.java:44)
	at org.junit.internal.runners.model.ReflectiveCallable.run(ReflectiveCallable.java:15)
	at org.junit.runners.model.FrameworkMethod.invokeExplosively(FrameworkMethod.java:41)
	at org.junit.internal.runners.statements.InvokeMethod.evaluate(InvokeMethod.java:20)
	at org.junit.internal.runners.statements.RunBefores.evaluate(RunBefores.java:28)
	at org.junit.runners.ParentRunner.runLeaf(ParentRunner.java:263)
	at org.junit.runners.BlockJUnit4ClassRunner.runChild(BlockJUnit4ClassRunner.java:69)
	at org.junit.runners.BlockJUnit4ClassRunner.runChild(BlockJUnit4ClassRunner.java:48)
	at org.junit.runners.ParentRunner$3.run(ParentRunner.java:231)
	at org.junit.runners.ParentRunner$1.schedule(ParentRunner.java:60)
	at org.junit.runners.ParentRunner.runChildren(ParentRunner.java:229)
	at org.junit.runners.ParentRunner.access$000(ParentRunner.java:50)
	at org.junit.runners.ParentRunner$2.evaluate(ParentRunner.java:222)
	at org.junit.runners.ParentRunner.run(ParentRunner.java:292)
	at org.apache.maven.surefire.junit4.JUnit4Provider.execute(JUnit4Provider.java:252)
	at org.apache.maven.surefire.junit4.JUnit4Provider.executeTestSet(JUnit4Provider.java:141)
	at org.apache.maven.surefire.junit4.JUnit4Provider.invoke(JUnit4Provider.java:112)
	at sun.reflect.NativeMethodAccessorImpl.invoke0(Native Method)
	at sun.reflect.NativeMethodAccessorImpl.invoke(NativeMethodAccessorImpl.java:62)
	at sun.reflect.DelegatingMethodAccessorImpl.invoke(DelegatingMethodAccessorImpl.java:43)
	at java.lang.reflect.Method.invoke(Method.java:498)
	at org.apache.maven.surefire.util.ReflectionUtils.invokeMethodWithArray(ReflectionUtils.java:189)
	at org.apache.maven.surefire.booter.ProviderFactory$ProviderProxy.invoke(ProviderFactory.java:165)
	at org.apache.maven.surefire.booter.ProviderFactory.invokeProvider(ProviderFactory.java:85)
	at org.apache.maven.surefire.booter.ForkedBooter.runSuitesInProcess(ForkedBooter.java:115)
	at org.apache.maven.surefire.booter.ForkedBooter.main(ForkedBooter.java:75)
Caused by: eu.jpereira.trainings.designpatterns.structural.proxy.controller.exceptions.CouldNotConnectException: Faked (even) exception...
	at eu.jpereira.trainings.designpatterns.structural.proxy.fakes.FakeFailureTrafficLightController.simulateFailure(FakeFailureTrafficLightController.java:82)
	at eu.jpereira.trainings.designpatterns.structural.proxy.fakes.FakeFailureTrafficLightController.sendLightCommand(FakeFailureTrafficLightController.java:68)
	at eu.jpereira.trainings.designpatterns.structural.proxy.model.TrafficLight.sendLightCommandToController(TrafficLight.java:235)
	... 32 more
</error>
    <system-err>Failing....1
</system-err>
  </testcase>
  <testcase classname="eu.jpereira.trainings.designpatterns.structural.proxy.TrafficLightsManagerTest" name="testManagePower" time="0"/>
</testsuite>